#! /usr/bin/vvp
:ivl_version "12.0 (stable)";
:ivl_delay_selection "TYPICAL";
:vpi_time_precision + 0;
:vpi_module "/usr/lib/x86_64-linux-gnu/ivl/system.vpi";
:vpi_module "/usr/lib/x86_64-linux-gnu/ivl/vhdl_sys.vpi";
:vpi_module "/usr/lib/x86_64-linux-gnu/ivl/vhdl_textio.vpi";
:vpi_module "/usr/lib/x86_64-linux-gnu/ivl/v2005_math.vpi";
:vpi_module "/usr/lib/x86_64-linux-gnu/ivl/va_math.vpi";
:vpi_module "/usr/lib/x86_64-linux-gnu/ivl/v2009.vpi";
S_0x562ee0ea3490 .scope package, "$unit" "$unit" 2 1;
 .timescale 0 0;
S_0x562ee0ea3620 .scope module, "hub75_output" "hub75_output" 3 3;
 .timescale 0 0;
    .port_info 0 /INPUT 1 "rst_in";
    .port_info 1 /INPUT 1 "clk_in";
    .port_info 2 /INPUT 5 "col_index";
    .port_info 3 /OUTPUT 3 "rgb0";
    .port_info 4 /OUTPUT 3 "rgb1";
    .port_info 5 /OUTPUT 1 "led_latch";
    .port_info 6 /OUTPUT 1 "led_clk";
    .port_info 7 /OUTPUT 1 "led_output_enable";
P_0x562ee0ea37b0 .param/l "NUM_COLS" 0 3 5, +C4<00000000000000000000000001000000>;
P_0x562ee0ea37f0 .param/l "NUM_ROWS" 0 3 6, +C4<00000000000000000000000001000000>;
P_0x562ee0ea3830 .param/l "ROTATIONAL_RES" 0 3 4, +C4<00000000000000000000000010110100>;
P_0x562ee0ea3870 .param/l "SCAN_RATE" 0 3 7, +C4<00000000000000000000000000100000>;
P_0x562ee0ea38b0 .param/l "THETA_RES" 0 3 8, +C4<00000000000000000000000000001000>;
o0x7f360712b018 .functor BUFZ 1, C4<z>; HiZ drive
L_0x562ee0ef6e50 .functor AND 1, o0x7f360712b018, v0x562ee0ef6470_0, C4<1>, C4<1>;
v0x562ee0ea5400_0 .net "clk_in", 0 0, o0x7f360712b018;  0 drivers
v0x562ee0ef6470_0 .var "clk_msk", 0 0;
o0x7f360712b078 .functor BUFZ 5, C4<zzzzz>; HiZ drive
v0x562ee0ef6530_0 .net "col_index", 4 0, o0x7f360712b078;  0 drivers
v0x562ee0ef6620_0 .net "led_clk", 0 0, L_0x562ee0ef6e50;  1 drivers
v0x562ee0ef66e0_0 .var "led_latch", 0 0;
v0x562ee0ef67f0_0 .var "led_output_enable", 0 0;
v0x562ee0ef68b0_0 .var "pixel_counter", 5 0;
v0x562ee0ef6990_0 .var "pwm_counter", 2 0;
v0x562ee0ef6a70 .array "rgb0", 0 2, 0 0;
v0x562ee0ef6b10 .array "rgb1", 0 2, 0 0;
o0x7f360712b198 .functor BUFZ 1, C4<z>; HiZ drive
v0x562ee0ef6bb0_0 .net "rst_in", 0 0, o0x7f360712b198;  0 drivers
v0x562ee0ef6c70_0 .var "state", 2 0;
E_0x562ee0edd740 .event posedge, v0x562ee0ea5400_0;
    .scope S_0x562ee0ea3620;
T_0 ;
    %wait E_0x562ee0edd740;
    %load/vec4 v0x562ee0ef6bb0_0;
    %flag_set/vec4 8;
    %jmp/0xz  T_0.0, 8;
    %pushi/vec4 0, 0, 3;
    %assign/vec4 v0x562ee0ef6c70_0, 0;
    %pushi/vec4 0, 0, 6;
    %assign/vec4 v0x562ee0ef68b0_0, 0;
    %pushi/vec4 0, 0, 1;
    %assign/vec4 v0x562ee0ef6470_0, 0;
    %jmp T_0.1;
T_0.0 ;
    %load/vec4 v0x562ee0ef6c70_0;
    %pad/u 32;
    %cmpi/e 0, 0, 32;
    %jmp/0xz  T_0.2, 4;
    %pushi/vec4 1, 0, 1;
    %assign/vec4 v0x562ee0ef67f0_0, 0;
    %pushi/vec4 1, 0, 3;
    %assign/vec4 v0x562ee0ef6c70_0, 0;
    %pushi/vec4 0, 0, 3;
    %assign/vec4 v0x562ee0ef6990_0, 0;
    %pushi/vec4 0, 0, 6;
    %assign/vec4 v0x562ee0ef68b0_0, 0;
    %pushi/vec4 0, 0, 1;
    %assign/vec4 v0x562ee0ef66e0_0, 0;
    %pushi/vec4 1, 0, 1;
    %assign/vec4 v0x562ee0ef6470_0, 0;
    %jmp T_0.3;
T_0.2 ;
    %load/vec4 v0x562ee0ef6c70_0;
    %pad/u 32;
    %cmpi/e 1, 0, 32;
    %jmp/0xz  T_0.4, 4;
    %pushi/vec4 1, 0, 1;
    %assign/vec4 v0x562ee0ef67f0_0, 0;
    %pushi/vec4 1, 0, 1;
    %ix/load 3, 0, 0;
    %flag_set/imm 4, 0;
    %ix/load 4, 0, 0; Constant delay
    %assign/vec4/a/d v0x562ee0ef6a70, 0, 4;
    %pushi/vec4 1, 0, 1;
    %ix/load 3, 1, 0;
    %flag_set/imm 4, 0;
    %ix/load 4, 0, 0; Constant delay
    %assign/vec4/a/d v0x562ee0ef6a70, 0, 4;
    %pushi/vec4 1, 0, 1;
    %ix/load 3, 2, 0;
    %flag_set/imm 4, 0;
    %ix/load 4, 0, 0; Constant delay
    %assign/vec4/a/d v0x562ee0ef6a70, 0, 4;
    %pushi/vec4 1, 0, 1;
    %ix/load 3, 0, 0;
    %flag_set/imm 4, 0;
    %ix/load 4, 0, 0; Constant delay
    %assign/vec4/a/d v0x562ee0ef6b10, 0, 4;
    %pushi/vec4 1, 0, 1;
    %ix/load 3, 1, 0;
    %flag_set/imm 4, 0;
    %ix/load 4, 0, 0; Constant delay
    %assign/vec4/a/d v0x562ee0ef6b10, 0, 4;
    %pushi/vec4 1, 0, 1;
    %ix/load 3, 2, 0;
    %flag_set/imm 4, 0;
    %ix/load 4, 0, 0; Constant delay
    %assign/vec4/a/d v0x562ee0ef6b10, 0, 4;
    %load/vec4 v0x562ee0ef68b0_0;
    %pad/u 32;
    %cmpi/e 63, 0, 32;
    %jmp/0xz  T_0.6, 4;
    %pushi/vec4 2, 0, 3;
    %assign/vec4 v0x562ee0ef6c70_0, 0;
    %pushi/vec4 0, 0, 1;
    %assign/vec4 v0x562ee0ef6470_0, 0;
    %jmp T_0.7;
T_0.6 ;
    %load/vec4 v0x562ee0ef68b0_0;
    %addi 1, 0, 6;
    %assign/vec4 v0x562ee0ef68b0_0, 0;
T_0.7 ;
    %jmp T_0.5;
T_0.4 ;
    %load/vec4 v0x562ee0ef6c70_0;
    %pad/u 32;
    %cmpi/e 2, 0, 32;
    %jmp/0xz  T_0.8, 4;
    %pushi/vec4 1, 0, 1;
    %assign/vec4 v0x562ee0ef66e0_0, 0;
    %pushi/vec4 0, 0, 3;
    %assign/vec4 v0x562ee0ef6c70_0, 0;
T_0.8 ;
T_0.5 ;
T_0.3 ;
T_0.1 ;
    %jmp T_0;
    .thread T_0;
# The file index is used to find the file name in the following table.
:file_names 4;
    "N/A";
    "<interactive>";
    "-";
    "hdl/hub75.sv";
